# JRE version: OpenJDK Runtime Environment (11.0.11) (build 11.0.11+0-b60-7590822)
# Java VM: OpenJDK 64-Bit Server VM (11.0.11+0-b60-7590822, mixed mode, tiered, compressed oops, g1 gc, linux-amd64)
Heap:
 garbage-first heap   total 300032K, used 185889K [0x0000000080000000, 0x0000000100000000)
  region size 1024K, 30 young (30720K), 4 survivors (4096K)
 Metaspace       used 134886K, capacity 138687K, committed 138880K, reserved 1169408K
  class space    used 17280K, capacity 18737K, committed 18816K, reserved 1048576K
GC Heap History (20 events):
Event: 994.673 GC heap before
{Heap before GC invocations=52 (full 0):
 garbage-first heap   total 300032K, used 231168K [0x0000000080000000, 0x0000000100000000)
  region size 1024K, 62 young (63488K), 9 survivors (9216K)
 Metaspace       used 118970K, capacity 121827K, committed 121984K, reserved 1155072K
  class space    used 14830K, capacity 15919K, committed 16000K, reserved 1048576K
}
Event: 994.688 GC heap after
{Heap after GC invocations=53 (full 0):
 garbage-first heap   total 300032K, used 179592K [0x0000000080000000, 0x0000000100000000)
  region size 1024K, 2 young (2048K), 2 survivors (2048K)
 Metaspace       used 118970K, capacity 121827K, committed 121984K, reserved 1155072K
  class space    used 14830K, capacity 15919K, committed 16000K, reserved 1048576K
}
Event: 995.191 GC heap before
{Heap before GC invocations=54 (full 0):
 garbage-first heap   total 300032K, used 251272K [0x0000000080000000, 0x0000000100000000)
  region size 1024K, 56 young (57344K), 2 survivors (2048K)
 Metaspace       used 119066K, capacity 121911K, committed 121984K, reserved 1155072K
  class space    used 14844K, capacity 15945K, committed 16000K, reserved 1048576K
}
Event: 995.213 GC heap after
{Heap after GC invocations=55 (full 0):
 garbage-first heap   total 300032K, used 185271K [0x0000000080000000, 0x0000000100000000)
  region size 1024K, 7 young (7168K), 7 survivors (7168K)
 Metaspace       used 119066K, capacity 121911K, committed 121984K, reserved 1155072K
  class space    used 14844K, capacity 15945K, committed 16000K, reserved 1048576K
}
Event: 995.225 GC heap before
{Heap before GC invocations=55 (full 0):
 garbage-first heap   total 300032K, used 192439K [0x0000000080000000, 0x0000000100000000)
  region size 1024K, 14 young (14336K), 7 survivors (7168K)
 Metaspace       used 119071K, capacity 121911K, committed 121984K, reserved 1155072K
  class space    used 14844K, capacity 15945K, committed 16000K, reserved 1048576K
}
Event: 995.247 GC heap after
{Heap after GC invocations=56 (full 0):
 garbage-first heap   total 300032K, used 171372K [0x0000000080000000, 0x0000000100000000)
  region size 1024K, 2 young (2048K), 2 survivors (2048K)
 Metaspace       used 119071K, capacity 121911K, committed 121984K, reserved 1155072K
  class space    used 14844K, capacity 15945K, committed 16000K, reserved 1048576K
}
Event: 996.192 GC heap before
{Heap before GC invocations=56 (full 0):
 garbage-first heap   total 300032K, used 230764K [0x0000000080000000, 0x0000000100000000)
  region size 1024K, 61 young (62464K), 2 survivors (2048K)
 Metaspace       used 119172K, capacity 122103K, committed 122240K, reserved 1155072K
  class space    used 14844K, capacity 15945K, committed 16000K, reserved 1048576K
}
Event: 996.217 GC heap after
{Heap after GC invocations=57 (full 0):
 garbage-first heap   total 300032K, used 177964K [0x0000000080000000, 0x0000000100000000)
  region size 1024K, 8 young (8192K), 8 survivors (8192K)
 Metaspace       used 119172K, capacity 122103K, committed 122240K, reserved 1155072K
  class space    used 14844K, capacity 15945K, committed 16000K, reserved 1048576K
}
Event: 997.592 GC heap before
{Heap before GC invocations=58 (full 0):
 garbage-first heap   total 300032K, used 217900K [0x0000000080000000, 0x0000000100000000)
  region size 1024K, 65 young (66560K), 8 survivors (8192K)
 Metaspace       used 121062K, capacity 124087K, committed 124288K, reserved 1157120K
  class space    used 15115K, capacity 16254K, committed 16256K, reserved 1048576K
}
Event: 997.606 GC heap after
{Heap after GC invocations=59 (full 0):
 garbage-first heap   total 300032K, used 159837K [0x0000000080000000, 0x0000000100000000)
  region size 1024K, 3 young (3072K), 3 survivors (3072K)
 Metaspace       used 121062K, capacity 124087K, committed 124288K, reserved 1157120K
  class space    used 15115K, capacity 16254K, committed 16256K, reserved 1048576K
}
Event: 1002.179 GC heap before
{Heap before GC invocations=59 (full 0):
 garbage-first heap   total 300032K, used 171101K [0x0000000080000000, 0x0000000100000000)
  region size 1024K, 14 young (14336K), 3 survivors (3072K)
 Metaspace       used 121638K, capacity 124718K, committed 124928K, reserved 1157120K
  class space    used 15205K, capacity 16383K, committed 16384K, reserved 1048576K
}
Event: 1002.196 GC heap after
{Heap after GC invocations=60 (full 0):
 garbage-first heap   total 300032K, used 150772K [0x0000000080000000, 0x0000000100000000)
  region size 1024K, 1 young (1024K), 1 survivors (1024K)
 Metaspace       used 121638K, capacity 124718K, committed 124928K, reserved 1157120K
  class space    used 15205K, capacity 16383K, committed 16384K, reserved 1048576K
}
Event: 1007.815 GC heap before
{Heap before GC invocations=60 (full 0):
 garbage-first heap   total 300032K, used 205044K [0x0000000080000000, 0x0000000100000000)
  region size 1024K, 56 young (57344K), 1 survivors (1024K)
 Metaspace       used 122125K, capacity 125169K, committed 125568K, reserved 1159168K
  class space    used 15259K, capacity 16398K, committed 16512K, reserved 1048576K
}
Event: 1007.826 GC heap after
{Heap after GC invocations=61 (full 0):
 garbage-first heap   total 300032K, used 156601K [0x0000000080000000, 0x0000000100000000)
  region size 1024K, 7 young (7168K), 7 survivors (7168K)
 Metaspace       used 122125K, capacity 125169K, committed 125568K, reserved 1159168K
  class space    used 15259K, capacity 16398K, committed 16512K, reserved 1048576K
}
Event: 1010.146 GC heap before
{Heap before GC invocations=62 (full 0):
 garbage-first heap   total 300032K, used 231353K [0x0000000080000000, 0x0000000100000000)
  region size 1024K, 79 young (80896K), 7 survivors (7168K)
 Metaspace       used 134353K, capacity 137991K, committed 138240K, reserved 1169408K
  class space    used 17218K, capacity 18636K, committed 18688K, reserved 1048576K
}
Event: 1010.176 GC heap after
{Heap after GC invocations=63 (full 0):
 garbage-first heap   total 300032K, used 161661K [0x0000000080000000, 0x0000000100000000)
  region size 1024K, 3 young (3072K), 3 survivors (3072K)
 Metaspace       used 134353K, capacity 137991K, committed 138240K, reserved 1169408K
  class space    used 17218K, capacity 18636K, committed 18688K, reserved 1048576K
}
Event: 1010.340 GC heap before
{Heap before GC invocations=63 (full 0):
 garbage-first heap   total 300032K, used 187261K [0x0000000080000000, 0x0000000100000000)
  region size 1024K, 14 young (14336K), 3 survivors (3072K)
 Metaspace       used 134370K, capacity 138055K, committed 138240K, reserved 1169408K
  class space    used 17220K, capacity 18636K, committed 18688K, reserved 1048576K
}
Event: 1010.350 GC heap after
{Heap after GC invocations=64 (full 0):
 garbage-first heap   total 300032K, used 159317K [0x0000000080000000, 0x0000000100000000)
  region size 1024K, 1 young (1024K), 1 survivors (1024K)
 Metaspace       used 134370K, capacity 138055K, committed 138240K, reserved 1169408K
  class space    used 17220K, capacity 18636K, committed 18688K, reserved 1048576K
}
Event: 2990.038 GC heap before
{Heap before GC invocations=64 (full 0):
 garbage-first heap   total 300032K, used 234069K [0x0000000080000000, 0x0000000100000000)
  region size 1024K, 75 young (76800K), 1 survivors (1024K)
 Metaspace       used 134799K, capacity 138607K, committed 138880K, reserved 1169408K
  class space    used 17267K, capacity 18712K, committed 18816K, reserved 1048576K
}
Event: 2990.052 GC heap after
{Heap after GC invocations=65 (full 0):
 garbage-first heap   total 300032K, used 160289K [0x0000000080000000, 0x0000000100000000)
  region size 1024K, 4 young (4096K), 4 survivors (4096K)
 Metaspace       used 134799K, capacity 138607K, committed 138880K, reserved 1169408K
  class space    used 17267K, capacity 18712K, committed 18816K, reserved 1048576K
}

